# JRE version: Java(TM) SE Runtime Environment (21.0.5+9) (build 21.0.5+9-LTS-239)
# Java VM: Java HotSpot(TM) 64-Bit Server VM (21.0.5+9-LTS-239, mixed mode, sharing, tiered, compressed oops, compressed class ptrs, g1 gc, windows-amd64)
GC Precious Log:
 CardTable entry size: 512
 Card Set container configuration: InlinePtr #cards 5 size 8 Array Of Cards #cards 12 size 40 Howl #buckets 4 coarsen threshold 1843 Howl Bitmap #cards 512 size 80 coarsen threshold 460 Card regions per heap region 1 cards per card region 2048
 CPUs: 12 total, 12 available
 Memory: 8013M
 Large Page Support: Disabled
 NUMA Support: Disabled
 Compressed Oops: Enabled (32-bit)
 Heap Region Size: 1M
 Heap Min Capacity: 8M
 Heap Initial Capacity: 126M
 Heap Max Capacity: 2004M
 Pre-touch: Disabled
 Parallel Workers: 10
 Concurrent Workers: 3
 Concurrent Refinement Workers: 10
 Periodic GC: Disabled
Heap:
 garbage-first heap   total 72704K, used 45572K [0x0000000082c00000, 0x0000000100000000)
  region size 1024K, 13 young (13312K), 3 survivors (3072K)
 Metaspace       used 72968K, committed 73728K, reserved 1114112K
  class space    used 9517K, committed 9856K, reserved 1048576K
GC Heap History (20 events):
Event: 2.260 GC heap before
{Heap before GC invocations=2 (full 0):
 garbage-first heap   total 129024K, used 58186K [0x0000000082c00000, 0x0000000100000000)
  region size 1024K, 51 young (52224K), 3 survivors (3072K)
 Metaspace       used 21135K, committed 21504K, reserved 1114112K
  class space    used 2487K, committed 2688K, reserved 1048576K
}
Event: 2.265 GC heap after
{Heap after GC invocations=3 (full 0):
 garbage-first heap   total 129024K, used 16228K [0x0000000082c00000, 0x0000000100000000)
  region size 1024K, 8 young (8192K), 8 survivors (8192K)
 Metaspace       used 21135K, committed 21504K, reserved 1114112K
  class space    used 2487K, committed 2688K, reserved 1048576K
}
Event: 3.144 GC heap before
{Heap before GC invocations=4 (full 0):
 garbage-first heap   total 61440K, used 60260K [0x0000000082c00000, 0x0000000100000000)
  region size 1024K, 51 young (52224K), 8 survivors (8192K)
 Metaspace       used 26858K, committed 27264K, reserved 1114112K
  class space    used 3327K, committed 3520K, reserved 1048576K
}
Event: 3.151 GC heap after
{Heap after GC invocations=5 (full 0):
 garbage-first heap   total 72704K, used 19184K [0x0000000082c00000, 0x0000000100000000)
  region size 1024K, 4 young (4096K), 4 survivors (4096K)
 Metaspace       used 26858K, committed 27264K, reserved 1114112K
  class space    used 3327K, committed 3520K, reserved 1048576K
}
Event: 3.999 GC heap before
{Heap before GC invocations=5 (full 0):
 garbage-first heap   total 72704K, used 56048K [0x0000000082c00000, 0x0000000100000000)
  region size 1024K, 40 young (40960K), 4 survivors (4096K)
 Metaspace       used 32614K, committed 33088K, reserved 1114112K
  class space    used 4149K, committed 4352K, reserved 1048576K
}
Event: 4.004 GC heap after
{Heap after GC invocations=6 (full 0):
 garbage-first heap   total 72704K, used 22259K [0x0000000082c00000, 0x0000000100000000)
  region size 1024K, 4 young (4096K), 4 survivors (4096K)
 Metaspace       used 32614K, committed 33088K, reserved 1114112K
  class space    used 4149K, committed 4352K, reserved 1048576K
}
Event: 4.329 GC heap before
{Heap before GC invocations=6 (full 0):
 garbage-first heap   total 72704K, used 37619K [0x0000000082c00000, 0x0000000100000000)
  region size 1024K, 20 young (20480K), 4 survivors (4096K)
 Metaspace       used 35483K, committed 35968K, reserved 1114112K
  class space    used 4438K, committed 4672K, reserved 1048576K
}
Event: 4.333 GC heap after
{Heap after GC invocations=7 (full 0):
 garbage-first heap   total 72704K, used 24022K [0x0000000082c00000, 0x0000000100000000)
  region size 1024K, 2 young (2048K), 2 survivors (2048K)
 Metaspace       used 35483K, committed 35968K, reserved 1114112K
  class space    used 4438K, committed 4672K, reserved 1048576K
}
Event: 5.007 GC heap before
{Heap before GC invocations=8 (full 0):
 garbage-first heap   total 72704K, used 58838K [0x0000000082c00000, 0x0000000100000000)
  region size 1024K, 36 young (36864K), 2 survivors (2048K)
 Metaspace       used 42706K, committed 43328K, reserved 1114112K
  class space    used 5569K, committed 5888K, reserved 1048576K
}
Event: 5.010 GC heap after
{Heap after GC invocations=9 (full 0):
 garbage-first heap   total 72704K, used 25831K [0x0000000082c00000, 0x0000000100000000)
  region size 1024K, 4 young (4096K), 4 survivors (4096K)
 Metaspace       used 42706K, committed 43328K, reserved 1114112K
  class space    used 5569K, committed 5888K, reserved 1048576K
}
Event: 7.844 GC heap before
{Heap before GC invocations=9 (full 0):
 garbage-first heap   total 72704K, used 59623K [0x0000000082c00000, 0x0000000100000000)
  region size 1024K, 38 young (38912K), 4 survivors (4096K)
 Metaspace       used 53382K, committed 53952K, reserved 1114112K
  class space    used 6790K, committed 7040K, reserved 1048576K
}
Event: 7.848 GC heap after
{Heap after GC invocations=10 (full 0):
 garbage-first heap   total 72704K, used 29020K [0x0000000082c00000, 0x0000000100000000)
  region size 1024K, 5 young (5120K), 5 survivors (5120K)
 Metaspace       used 53382K, committed 53952K, reserved 1114112K
  class space    used 6790K, committed 7040K, reserved 1048576K
}
Event: 8.172 GC heap before
{Heap before GC invocations=10 (full 0):
 garbage-first heap   total 72704K, used 48476K [0x0000000082c00000, 0x0000000100000000)
  region size 1024K, 25 young (25600K), 5 survivors (5120K)
 Metaspace       used 59595K, committed 60160K, reserved 1114112K
  class space    used 7662K, committed 7936K, reserved 1048576K
}
Event: 8.176 GC heap after
{Heap after GC invocations=11 (full 0):
 garbage-first heap   total 72704K, used 30598K [0x0000000082c00000, 0x0000000100000000)
  region size 1024K, 2 young (2048K), 2 survivors (2048K)
 Metaspace       used 59595K, committed 60160K, reserved 1114112K
  class space    used 7662K, committed 7936K, reserved 1048576K
}
Event: 8.662 GC heap before
{Heap before GC invocations=12 (full 0):
 garbage-first heap   total 72704K, used 62342K [0x0000000082c00000, 0x0000000100000000)
  region size 1024K, 33 young (33792K), 2 survivors (2048K)
 Metaspace       used 63573K, committed 64320K, reserved 1114112K
  class space    used 8340K, committed 8704K, reserved 1048576K
}
Event: 8.664 GC heap after
{Heap after GC invocations=13 (full 0):
 garbage-first heap   total 72704K, used 31221K [0x0000000082c00000, 0x0000000100000000)
  region size 1024K, 2 young (2048K), 2 survivors (2048K)
 Metaspace       used 63573K, committed 64320K, reserved 1114112K
  class space    used 8340K, committed 8704K, reserved 1048576K
}
Event: 33.510 GC heap before
{Heap before GC invocations=13 (full 0):
 garbage-first heap   total 72704K, used 62965K [0x0000000082c00000, 0x0000000100000000)
  region size 1024K, 34 young (34816K), 2 survivors (2048K)
 Metaspace       used 69469K, committed 70208K, reserved 1114112K
  class space    used 9070K, committed 9408K, reserved 1048576K
}
Event: 33.514 GC heap after
{Heap after GC invocations=14 (full 0):
 garbage-first heap   total 72704K, used 34110K [0x0000000082c00000, 0x0000000100000000)
  region size 1024K, 5 young (5120K), 5 survivors (5120K)
 Metaspace       used 69469K, committed 70208K, reserved 1114112K
  class space    used 9070K, committed 9408K, reserved 1048576K
}
Event: 33.886 GC heap before
{Heap before GC invocations=14 (full 0):
 garbage-first heap   total 72704K, used 61758K [0x0000000082c00000, 0x0000000100000000)
  region size 1024K, 32 young (32768K), 5 survivors (5120K)
 Metaspace       used 72440K, committed 73216K, reserved 1114112K
  class space    used 9440K, committed 9792K, reserved 1048576K
}
Event: 33.894 GC heap after
{Heap after GC invocations=15 (full 0):
 garbage-first heap   total 72704K, used 36356K [0x0000000082c00000, 0x0000000100000000)
  region size 1024K, 3 young (3072K), 3 survivors (3072K)
 Metaspace       used 72440K, committed 73216K, reserved 1114112K
  class space    used 9440K, committed 9792K, reserved 1048576K
}

